GROUP,PACKAGE,CLASS,INSTRUCTION_MISSED,INSTRUCTION_COVERED,BRANCH_MISSED,BRANCH_COVERED,LINE_MISSED,LINE_COVERED,COMPLEXITY_MISSED,COMPLEXITY_COVERED,METHOD_MISSED,METHOD_COVERED
auth-service,org.cardanofoundation.authentication.controller,BookMarkController,42,0,0,0,7,0,6,0,6,0
auth-service,org.cardanofoundation.authentication.controller,AuthController,39,0,0,0,7,0,6,0,6,0
auth-service,org.cardanofoundation.authentication.controller,UserController,33,0,0,0,5,0,5,0,5,0
auth-service,org.cardanofoundation.authentication.controller,NoteController,34,0,0,0,6,0,5,0,5,0
auth-service,org.cardanofoundation.authentication.controller,VerifyMailController,24,0,0,0,6,0,4,0,4,0
auth-service,org.cardanofoundation.authentication.config.redis.cluster,RedisClusterConfig,68,0,0,0,17,0,5,0,5,0
auth-service,org.cardanofoundation.authentication.model.response.auth,NonceResponse,27,0,0,0,4,0,6,0,6,0
auth-service,org.cardanofoundation.authentication.model.response.auth,RefreshTokenResponse.RefreshTokenResponseBuilder,36,0,0,0,1,0,6,0,6,0
auth-service,org.cardanofoundation.authentication.model.response.auth,NonceResponse.NonceResponseBuilder,27,0,0,0,1,0,5,0,5,0
auth-service,org.cardanofoundation.authentication.model.response.auth,RefreshTokenResponse,168,0,30,0,5,0,27,0,12,0
auth-service,org.cardanofoundation.authentication.model.response.auth,SignInResponse.SignInResponseBuilder,54,0,0,0,1,0,8,0,8,0
auth-service,org.cardanofoundation.authentication.model.response.auth,SignInResponse,57,0,0,0,7,0,12,0,12,0
auth-service,org.cardanofoundation.authentication.config,WebConfig,38,0,0,0,4,0,2,0,2,0
auth-service,org.cardanofoundation.authentication.config,AuthTokenFilter,102,0,2,0,17,0,6,0,5,0
auth-service,org.cardanofoundation.authentication.config,ExceptionHandlerFilter,107,0,2,0,31,0,5,0,4,0
auth-service,org.cardanofoundation.authentication.config,RsaConfig,99,0,0,0,17,0,19,0,19,0
auth-service,org.cardanofoundation.authentication.config,OpenApiConfig,48,0,0,0,7,0,2,0,2,0
auth-service,org.cardanofoundation.authentication.config,AuthEntryPointJwt,17,0,0,0,5,0,3,0,3,0
auth-service,org.cardanofoundation.authentication.config,ThreadPoolConfig,31,0,0,0,4,0,2,0,2,0
auth-service,org.cardanofoundation.authentication.config,WebSecurityConfig,73,0,0,0,14,0,5,0,5,0
auth-service,org.cardanofoundation.authentication.util,NonceUtils,32,34,0,0,7,9,1,2,1,2
auth-service,org.cardanofoundation.authentication.aop,UserAspect,66,0,2,0,16,0,6,0,5,0
auth-service,org.cardanofoundation.authentication.service.impl,UserHistoryServiceImpl,25,0,0,0,6,0,3,0,3,0
auth-service,org.cardanofoundation.authentication.service.impl,BookMarkServiceImpl,264,0,10,0,53,0,14,0,9,0
auth-service,org.cardanofoundation.authentication.service.impl,VerifyServiceImpl,197,0,14,0,34,0,12,0,5,0
auth-service,org.cardanofoundation.authentication.service.impl,RefreshTokenServiceImpl,69,0,2,0,15,0,8,0,7,0
auth-service,org.cardanofoundation.authentication.service.impl,AuthenticationServiceImpl,301,107,17,1,62,19,14,6,5,6
auth-service,org.cardanofoundation.authentication.service.impl,WalletServiceImpl,69,0,0,0,14,0,4,0,4,0
auth-service,org.cardanofoundation.authentication.service.impl,PrivateNoteServiceImpl,166,0,6,0,34,0,11,0,8,0
auth-service,org.cardanofoundation.authentication.service.impl,UserServiceImpl,421,0,20,0,94,0,31,0,20,0
auth-service,org.cardanofoundation.authentication.model.entity,WalletEntity,124,0,10,0,19,0,26,0,21,0
auth-service,org.cardanofoundation.authentication.model.entity,UserEntity,124,0,10,0,19,0,24,0,19,0
auth-service,org.cardanofoundation.authentication.model.entity,WalletEntity.WalletEntityBuilder,81,0,0,0,1,0,11,0,11,0
auth-service,org.cardanofoundation.authentication.model.entity,BookMarkEntity.BookMarkEntityBuilder,54,0,0,0,1,0,8,0,8,0
auth-service,org.cardanofoundation.authentication.model.entity,RoleEntity,51,0,10,0,11,0,12,0,7,0
auth-service,org.cardanofoundation.authentication.model.entity,PrivateNoteEntity,84,0,10,0,15,0,18,0,13,0
auth-service,org.cardanofoundation.authentication.model.entity,BaseEntity,35,3,0,0,6,1,10,1,10,1
auth-service,org.cardanofoundation.authentication.model.entity,UserHistoryEntity,84,0,10,0,15,0,18,0,13,0
auth-service,org.cardanofoundation.authentication.model.entity,UserEntity.UserEntityBuilder,72,0,0,0,1,0,10,0,10,0
auth-service,org.cardanofoundation.authentication.model.entity,BookMarkEntity,94,0,10,0,16,0,20,0,15,0
auth-service,org.cardanofoundation.authentication.model.entity,PrivateNoteEntity.PrivateNoteEntityBuilder,45,0,0,0,1,0,7,0,7,0
auth-service,org.cardanofoundation.authentication.model.entity,RefreshTokenEntity.RefreshTokenEntityBuilder,13,23,0,0,0,1,2,4,2,4
auth-service,org.cardanofoundation.authentication.model.entity,UserHistoryEntity.UserHistoryEntityBuilder,45,0,0,0,1,0,7,0,7,0
auth-service,org.cardanofoundation.authentication.model.entity,RefreshTokenEntity,58,16,10,0,12,2,14,2,9,2
auth-service,org.cardanofoundation.authentication.model.request,EditUserRequest,17,0,0,0,4,0,5,0,5,0
auth-service,org.cardanofoundation.authentication.model.request.bookmark,BookMarksRequest,10,0,0,0,3,0,3,0,3,0
auth-service,org.cardanofoundation.authentication.model.request.bookmark,BookMarkRequest,31,0,0,0,6,0,9,0,9,0
auth-service,org.cardanofoundation.authentication.mapper,NoteMapper,5,0,0,0,1,0,1,0,1,0
auth-service,org.cardanofoundation.authentication.mapper,BookMarkMapper,5,0,0,0,1,0,1,0,1,0
auth-service,org.cardanofoundation.authentication.mapper,BookMarkMapperImpl,95,0,8,0,26,0,8,0,4,0
auth-service,org.cardanofoundation.authentication.mapper,UserMapper,5,0,0,0,1,0,1,0,1,0
auth-service,org.cardanofoundation.authentication.mapper,UserMapperImpl,40,0,4,0,13,0,5,0,3,0
auth-service,org.cardanofoundation.authentication.mapper,NoteMapperImpl,82,0,8,0,23,0,8,0,4,0
auth-service,org.cardanofoundation.authentication.thread,MailHandler,40,0,0,0,14,0,3,0,3,0
auth-service,org.cardanofoundation.authentication.controller.advice,GlobalExceptionHandler,134,0,0,0,28,0,9,0,9,0
auth-service,org.cardanofoundation.authentication.model.enums,EUserAction,64,0,0,0,9,0,3,0,3,0
auth-service,org.cardanofoundation.authentication.model.enums,EStatus,15,0,0,0,2,0,1,0,1,0
auth-service,org.cardanofoundation.authentication.model.enums,ENetworkType,27,0,0,0,2,0,1,0,1,0
auth-service,org.cardanofoundation.authentication.model.enums,EBookMarkType,39,0,0,0,2,0,1,0,1,0
auth-service,org.cardanofoundation.authentication.model.enums,ERole,21,0,0,0,2,0,1,0,1,0
auth-service,org.cardanofoundation.authentication.model.request.note,PrivateNoteRequest,24,0,0,0,5,0,7,0,7,0
auth-service,org.cardanofoundation.authentication.model.request.auth,ResetPasswordRequest,17,0,0,0,4,0,5,0,5,0
auth-service,org.cardanofoundation.authentication.model.request.auth,SignOutRequest,17,0,0,0,4,0,5,0,5,0
auth-service,org.cardanofoundation.authentication.model.request.auth,SignUpRequest,17,0,0,0,4,0,5,0,5,0
auth-service,org.cardanofoundation.authentication.model.request.auth,SignInRequest,14,24,0,0,2,5,4,7,4,7
auth-service,org.cardanofoundation.authentication.config.redis.standalone,RedisStandaloneConfig,71,0,0,0,17,0,5,0,5,0
auth-service,org.cardanofoundation.authentication.config.properties,MailProperties,45,0,0,0,8,0,13,0,13,0
auth-service,org.cardanofoundation.authentication.config.properties,ThreadPoolProperties,31,0,0,0,6,0,9,0,9,0
auth-service,org.cardanofoundation.authentication.config.redis.sentinel,RedisProperties,435,0,86,0,11,0,68,0,25,0
auth-service,org.cardanofoundation.authentication.config.redis.sentinel,RedisProperties.SentinelNode,115,0,22,0,3,0,20,0,9,0
auth-service,org.cardanofoundation.authentication.config.redis.sentinel,RedisConfig,190,0,0,0,42,0,19,0,19,0
auth-service,org.cardanofoundation.authentication.constant,AuthConstant,109,0,0,0,4,0,1,0,1,0
auth-service,org.cardanofoundation.authentication.constant,CommonConstant,10,0,0,0,3,0,1,0,1,0
auth-service,org.cardanofoundation.authentication,AuthServiceApplication,8,0,0,0,3,0,2,0,2,0
auth-service,org.cardanofoundation.authentication.provider,RsaProvider,85,0,2,0,23,0,8,0,7,0
auth-service,org.cardanofoundation.authentication.provider,RedisProvider,39,4,6,0,7,1,6,1,3,1
auth-service,org.cardanofoundation.authentication.provider,MailProvider,108,0,3,0,25,0,5,0,3,0
auth-service,org.cardanofoundation.authentication.provider,JwtProvider,251,4,4,0,52,1,12,1,10,1
auth-service,org.cardanofoundation.authentication.model.response,MessageResponse,41,0,0,0,10,0,8,0,8,0
auth-service,org.cardanofoundation.authentication.model.response,BookMarkResponse,45,0,0,0,8,0,13,0,13,0
auth-service,org.cardanofoundation.authentication.model.response,MessageResponse.MessageResponseBuilder,27,0,0,0,1,0,5,0,5,0
auth-service,org.cardanofoundation.authentication.model.response,UserResponse,24,0,0,0,5,0,7,0,7,0
auth-service,org.cardanofoundation.authentication.model.response,AddBookMarkResponse.AddBookMarkResponseBuilder,27,0,0,0,1,0,5,0,5,0
auth-service,org.cardanofoundation.authentication.model.response,PrivateNoteResponse,31,0,0,0,6,0,9,0,9,0
auth-service,org.cardanofoundation.authentication.model.response,UserInfoResponse.UserInfoResponseBuilder,63,0,0,0,1,0,9,0,9,0
auth-service,org.cardanofoundation.authentication.model.response,UserInfoResponse,67,0,0,0,8,0,14,0,14,0
auth-service,org.cardanofoundation.authentication.model.response,AddBookMarkResponse,27,0,0,0,4,0,6,0,6,0
auth-service,org.cardanofoundation.authentication.model.response.base,BasePageResponse.BasePageResponseBuilder,27,0,0,0,1,0,5,0,5,0
auth-service,org.cardanofoundation.authentication.model.response.base,BasePageResponse,30,0,0,0,6,0,7,0,7,0
auth-service,org.cardanofoundation.authentication.model.entity.security,UserDetailsImpl,102,0,6,0,29,0,17,0,14,0
